#
# There is insufficient memory for the Java Runtime Environment to continue.
# Native memory allocation (malloc) failed to allocate 32744 bytes for ChunkPool::allocate
# Possible reasons:
#   The system is out of physical RAM or swap space
#   The process is running with CompressedOops enabled, and the Java Heap may be blocking the growth of the native heap
# Possible solutions:
#   Reduce memory load on the system
#   Increase physical memory or swap space
#   Check if swap backing store is full
#   Decrease Java heap size (-Xmx/-Xms)
#   Decrease number of Java threads
#   Decrease Java thread stack sizes (-Xss)
#   Set larger code cache with -XX:ReservedCodeCacheSize=
#   JVM is running with Unscaled Compressed Oops mode in which the Java heap is
#     placed in the first 4GB address space. The Java Heap base address is the
#     maximum limit for the native heap growth. Please use -XX:HeapBaseMinAddress
#     to set the Java Heap base and to place the Java Heap above 4GB virtual address.
# This output file may be truncated or incomplete.
#
#  Out of Memory Error (allocation.cpp:272), pid=2368, tid=0x0000000000001100
#
# JRE version: OpenJDK Runtime Environment (8.0_202-b03) (build 1.8.0_202-release-1483-b03)
# Java VM: OpenJDK 64-Bit Server VM (25.202-b03 mixed mode windows-amd64 compressed oops)
# Failed to write core dump. Minidumps are not enabled by default on client versions of Windows
#

---------------  T H R E A D  ---------------

Current thread (0x00000000579d7800):  JavaThread "C2 CompilerThread1" daemon [_thread_in_native, id=4352, stack(0x0000000058200000,0x0000000058300000)]

Stack: [0x0000000058200000,0x0000000058300000]
[error occurred during error reporting (printing stack bounds), id 0xc0000005]

Native frames: (J=compiled Java code, j=interpreted, Vv=VM code, C=native code)


Current CompileTask:
C2:12114872 25012       4       org.gradle.internal.operations.CurrentBuildOperationRef::getId (20 bytes)


---------------  P R O C E S S  ---------------

Java Threads: ( => current thread )
  0x0000000060658800 JavaThread "Exec process Thread 9" [_thread_in_native, id=6612, stack(0x0000000069fc0000,0x000000006a0c0000)]
  0x0000000059509000 JavaThread "Exec process Thread 8" [_thread_in_native, id=5604, stack(0x0000000069a30000,0x0000000069b30000)]
  0x000000005950a800 JavaThread "Exec process Thread 7" [_thread_in_native, id=2824, stack(0x0000000069640000,0x0000000069740000)]
  0x0000000059508000 JavaThread "Cache worker for execution history cache (E:\Projects\flutter\nss_mcet\NSS_MCET\android\.gradle\5.6.2\executionHistory)" [_thread_blocked, id=4852, stack(0x00000000694d0000,0x00000000695d0000)]
  0x0000000059500800 JavaThread "Execution worker for ':' Thread 3" [_thread_blocked, id=4100, stack(0x00000000692e0000,0x00000000693e0000)]
  0x0000000059506000 JavaThread "Execution worker for ':' Thread 2" [_thread_blocked, id=5764, stack(0x00000000691d0000,0x00000000692d0000)]
  0x0000000059505000 JavaThread "Execution worker for ':'" [_thread_blocked, id=6852, stack(0x0000000067ad0000,0x0000000067bd0000)]
  0x000000005950c000 JavaThread "Cache worker for file content cache (E:\Projects\flutter\nss_mcet\NSS_MCET\android\.gradle\5.6.2\fileContent)" [_thread_blocked, id=4908, stack(0x000000005f420000,0x000000005f520000)]
  0x0000000059509800 JavaThread "Cache worker for Build Output Cleanup Cache (E:\Projects\flutter\nss_mcet\NSS_MCET\android\.gradle\buildOutputCleanup)" [_thread_blocked, id=6516, stack(0x0000000061740000,0x0000000061840000)]
  0x00000000633d3000 JavaThread "pool-5-thread-1" [_thread_blocked, id=6524, stack(0x00000000654b0000,0x00000000655b0000)]
  0x00000000633d4000 JavaThread "Build operations Thread 4" [_thread_blocked, id=2680, stack(0x00000000660f0000,0x00000000661f0000)]
  0x00000000633d1800 JavaThread "Build operations Thread 3" [_thread_blocked, id=4856, stack(0x0000000065dc0000,0x0000000065ec0000)]
  0x00000000633cf800 JavaThread "Build operations Thread 2" [_thread_blocked, id=6960, stack(0x00000000648b0000,0x00000000649b0000)]
  0x00000000633d2800 JavaThread "Build operations" [_thread_blocked, id=6624, stack(0x000000005fdc0000,0x000000005fec0000)]
  0x00000000633ce800 JavaThread "Cache worker for cache directory md-rule (C:\Users\Ganesh\.gradle\caches\5.6.2\md-rule)" [_thread_blocked, id=1048, stack(0x000000005f9e0000,0x000000005fae0000)]
  0x00000000633d1000 JavaThread "Cache worker for cache directory md-supplier (C:\Users\Ganesh\.gradle\caches\5.6.2\md-supplier)" [_thread_blocked, id=6328, stack(0x000000005f070000,0x000000005f170000)]
  0x00000000633ce000 JavaThread "Cache worker for file hash cache (E:\Projects\flutter\nss_mcet\NSS_MCET\android\.gradle\5.6.2\fileHashes)" [_thread_blocked, id=6176, stack(0x000000005e710000,0x000000005e810000)]
  0x0000000061f26000 JavaThread "Thread-83" [_thread_blocked, id=4136, stack(0x000000005f1f0000,0x000000005f2f0000)]
  0x0000000061f23800 JavaThread "Stdin handler" [_thread_blocked, id=6560, stack(0x000000005ecc0000,0x000000005edc0000)]
  0x0000000061f2a800 JavaThread "Asynchronous log dispatcher for DefaultDaemonConnection: socket connection from /127.0.0.1:49946 to /127.0.0.1:56666" [_thread_blocked, id=6100, stack(0x000000005a4c0000,0x000000005a5c0000)]
  0x0000000061f24800 JavaThread "Daemon worker Thread 4" [_thread_blocked, id=3484, stack(0x000000005dd40000,0x000000005de40000)]
  0x0000000061f27800 JavaThread "Cancel handler" [_thread_blocked, id=3476, stack(0x0000000059f00000,0x000000005a000000)]
  0x0000000061f29800 JavaThread "Handler for socket connection from /127.0.0.1:49946 to /127.0.0.1:56666" [_thread_in_native, id=6628, stack(0x000000005abd0000,0x000000005acd0000)]
  0x0000000061f28000 JavaThread "Daemon Thread 4" [_thread_blocked, id=6964, stack(0x000000005a7d0000,0x000000005a8d0000)]
  0x0000000061f25000 JavaThread "Cache worker for Java compile cache (C:\Users\Ganesh\.gradle\caches\5.6.2\javaCompile)" [_thread_blocked, id=1780, stack(0x00000000653b0000,0x00000000654b0000)]
  0x0000000061f29000 JavaThread "RMI TCP Accept-0" daemon [_thread_in_native, id=7092, stack(0x0000000065c20000,0x0000000065d20000)]
  0x0000000061f26800 JavaThread "RMI Scheduler(0)" daemon [_thread_blocked, id=5596, stack(0x00000000649f0000,0x0000000064af0000)]
  0x0000000059501800 JavaThread "Cache worker for file content cache (C:\Users\Ganesh\.gradle\caches\5.6.2\fileContent)" [_thread_blocked, id=5172, stack(0x000000005f310000,0x000000005f410000)]
  0x000000005950d800 JavaThread "Memory manager" [_thread_blocked, id=4680, stack(0x00000000628a0000,0x00000000629a0000)]
  0x0000000059506800 JavaThread "Cache worker for execution history cache (C:\Users\Ganesh\.gradle\caches\5.6.2\executionHistory)" [_thread_blocked, id=7152, stack(0x000000005eaf0000,0x000000005ebf0000)]
  0x0000000059500000 JavaThread "Cache worker for journal cache (C:\Users\Ganesh\.gradle\caches\journal-1)" [_thread_blocked, id=1596, stack(0x000000005b5d0000,0x000000005b6d0000)]
  0x00000000594ff000 JavaThread "File lock request listener" [_thread_in_native, id=2716, stack(0x000000005b3d0000,0x000000005b4d0000)]
  0x000000005947b800 JavaThread "Cache worker for file hash cache (C:\Users\Ganesh\.gradle\caches\5.6.2\fileHashes)" [_thread_blocked, id=4308, stack(0x000000005b270000,0x000000005b370000)]
  0x000000005907d800 JavaThread "Daemon periodic checks" [_thread_blocked, id=6792, stack(0x000000005a5e0000,0x000000005a6e0000)]
  0x000000005907c000 JavaThread "Incoming local TCP Connector on port 49946" [_thread_in_native, id=6228, stack(0x00000000577b0000,0x00000000578b0000)]
  0x0000000058d4d800 JavaThread "Daemon health stats" [_thread_blocked, id=5784, stack(0x000000005a040000,0x000000005a140000)]
  0x0000000057a64000 JavaThread "Service Thread" daemon [_thread_blocked, id=3448, stack(0x00000000584c0000,0x00000000585c0000)]
  0x00000000564ff000 JavaThread "C1 CompilerThread2" daemon [_thread_blocked, id=5372, stack(0x00000000583a0000,0x00000000584a0000)]
=>0x00000000579d7800 JavaThread "C2 CompilerThread1" daemon [_thread_in_native, id=4352, stack(0x0000000058200000,0x0000000058300000)]
  0x00000000579d5000 JavaThread "C2 CompilerThread0" daemon [_thread_blocked, id=5328, stack(0x0000000058020000,0x0000000058120000)]
  0x00000000579d2800 JavaThread "Attach Listener" daemon [_thread_blocked, id=5704, stack(0x0000000057430000,0x0000000057530000)]
  0x00000000564f6000 JavaThread "Signal Dispatcher" daemon [_thread_blocked, id=3196, stack(0x0000000057e60000,0x0000000057f60000)]
  0x00000000564da000 JavaThread "Finalizer" daemon [_thread_blocked, id=2964, stack(0x00000000578d0000,0x00000000579d0000)]
  0x00000000564d2800 JavaThread "Reference Handler" daemon [_thread_blocked, id=6672, stack(0x0000000057690000,0x0000000057790000)]
  0x000000000226a000 JavaThread "main" [_thread_blocked, id=1880, stack(0x00000000023c0000,0x00000000024c0000)]

Other Threads:
  0x000000005648b000 VMThread [stack: 0x0000000057540000,0x0000000057640000] [id=6368]
  0x0000000057a69000 WatcherThread [stack: 0x0000000058620000,0x0000000058720000] [id=3304]

VM state:not at safepoint (normal execution)

VM Mutex/Monitor currently owned by a thread: None

heap address: 0x00000000a0000000, size: 1536 MB, Compressed Oops mode: 32-bit
Narrow klass base: 0x0000000000000000, Narrow klass shift: 0
Compressed class space size: 1073741824 Address: 0x0000000015b00000

Heap:
 PSYoungGen      total 282624K, used 133290K [0x00000000e0000000, 0x00000000f7a80000, 0x0000000100000000)
  eden space 182784K, 55% used [0x00000000e0000000,0x00000000e6341298,0x00000000eb280000)
  from space 99840K, 31% used [0x00000000eb280000,0x00000000ed1696d0,0x00000000f1400000)
  to   space 93696K, 0% used [0x00000000f1f00000,0x00000000f1f00000,0x00000000f7a80000)
 ParOldGen       total 334848K, used 62329K [0x00000000a0000000, 0x00000000b4700000, 0x00000000e0000000)
  object space 334848K, 18% used [0x00000000a0000000,0x00000000a3cde7d8,0x00000000b4700000)
 Metaspace       used 121791K, capacity 128842K, committed 129880K, reserved 1161216K
  class space    used 15953K, capacity 17525K, committed 17792K, reserved 1048576K

Card table byte_map: [0x0000000011c80000,0x0000000011f90000] byte_map_base: 0x0000000011780000

Marking Bits: (ParMarkBitMap*) 0x00000000704d9f30
 Begin Bits: [0x0000000012800000, 0x0000000014000000)
 End Bits:   [0x0000000014000000, 0x0000000015800000)

Polling page: 0x0000000000230000

CodeCache: size=245760Kb used=66287Kb max_used=66437Kb free=179472Kb
 bounds [0x00000000028c0000, 0x0000000006a10000, 0x00000000118c0000]
 total_blobs=20528 nmethods=19589 adapters=852
 compilation: enabled

Compilation events (10 events):
Event: 12091.378 Thread 0x00000000564ff000 25007       3       org.gradle.internal.io.StreamByteBuffer$StreamByteBufferChunk::write (32 bytes)
Event: 12091.379 Thread 0x00000000564ff000 nmethod 25007 0x0000000002b9a710 code [0x0000000002b9a880, 0x0000000002b9aa50]
Event: 12091.379 Thread 0x00000000564ff000 25008       3       org.gradle.internal.io.LineBufferingOutputStream::endsWithLineSeparator (27 bytes)
Event: 12091.380 Thread 0x00000000564ff000 nmethod 25008 0x000000000368e110 code [0x000000000368e260, 0x000000000368e450]
Event: 12110.616 Thread 0x00000000564ff000 25010       3       org.gradle.internal.logging.text.AbstractLineChoppingStyledTextOutput$1::execute (9 bytes)
Event: 12110.618 Thread 0x00000000564ff000 nmethod 25010 0x0000000003ac9390 code [0x0000000003ac9500, 0x0000000003ac9768]
Event: 12110.618 Thread 0x00000000564ff000 25009       3       org.gradle.internal.io.LinePerThreadBufferingOutputStream::getStream (44 bytes)
Event: 12110.623 Thread 0x00000000579d7800 25012       4       org.gradle.internal.operations.CurrentBuildOperationRef::getId (20 bytes)
Event: 12110.672 Thread 0x00000000564ff000 nmethod 25009 0x00000000035f6c90 code [0x00000000035f6ea0, 0x00000000035f78b8]
Event: 12110.672 Thread 0x00000000564ff000 25011       3       org.gradle.internal.logging.text.AbstractLineChoppingStyledTextOutput::doAppend (43 bytes)

GC Heap History (10 events):
Event: 3014.661 GC heap before
{Heap before GC invocations=105 (full 9):
 PSYoungGen      total 268288K, used 255099K [0x00000000e0000000, 0x00000000f7a80000, 0x0000000100000000)
  eden space 175104K, 100% used [0x00000000e0000000,0x00000000eab00000,0x00000000eab00000)
  from space 93184K, 85% used [0x00000000eab00000,0x00000000ef91ef70,0x00000000f0600000)
  to   space 102912K, 0% used [0x00000000f1600000,0x00000000f1600000,0x00000000f7a80000)
 ParOldGen       total 334848K, used 233988K [0x00000000a0000000, 0x00000000b4700000, 0x00000000e0000000)
  object space 334848K, 69% used [0x00000000a0000000,0x00000000ae481190,0x00000000b4700000)
 Metaspace       used 119253K, capacity 126412K, committed 126936K, reserved 1159168K
  class space    used 15856K, capacity 17478K, committed 17664K, reserved 1048576K
Event: 3014.679 GC heap after
Heap after GC invocations=105 (full 9):
 PSYoungGen      total 282624K, used 7940K [0x00000000e0000000, 0x00000000f7980000, 0x0000000100000000)
  eden space 180736K, 0% used [0x00000000e0000000,0x00000000e0000000,0x00000000eb080000)
  from space 101888K, 7% used [0x00000000f1600000,0x00000000f1dc1258,0x00000000f7980000)
  to   space 102912K, 0% used [0x00000000eb080000,0x00000000eb080000,0x00000000f1500000)
 ParOldGen       total 334848K, used 233996K [0x00000000a0000000, 0x00000000b4700000, 0x00000000e0000000)
  object space 334848K, 69% used [0x00000000a0000000,0x00000000ae483190,0x00000000b4700000)
 Metaspace       used 119253K, capacity 126412K, committed 126936K, reserved 1159168K
  class space    used 15856K, capacity 17478K, committed 17664K, reserved 1048576K
}
Event: 6439.738 GC heap before
{Heap before GC invocations=106 (full 9):
 PSYoungGen      total 282624K, used 71801K [0x00000000e0000000, 0x00000000f7980000, 0x0000000100000000)
  eden space 180736K, 35% used [0x00000000e0000000,0x00000000e3e5d3b8,0x00000000eb080000)
  from space 101888K, 7% used [0x00000000f1600000,0x00000000f1dc1258,0x00000000f7980000)
  to   space 102912K, 0% used [0x00000000eb080000,0x00000000eb080000,0x00000000f1500000)
 ParOldGen       total 334848K, used 233996K [0x00000000a0000000, 0x00000000b4700000, 0x00000000e0000000)
  object space 334848K, 69% used [0x00000000a0000000,0x00000000ae483190,0x00000000b4700000)
 Metaspace       used 122185K, capacity 129368K, committed 129880K, reserved 1161216K
  class space    used 16047K, capacity 17672K, committed 17792K, reserved 1048576K
Event: 6455.574 GC heap after
Heap after GC invocations=106 (full 9):
 PSYoungGen      total 191488K, used 10343K [0x00000000e0000000, 0x00000000f7780000, 0x0000000100000000)
  eden space 180736K, 0% used [0x00000000e0000000,0x00000000e0000000,0x00000000eb080000)
  from space 10752K, 96% used [0x00000000eb080000,0x00000000eba99fe0,0x00000000ebb00000)
  to   space 101888K, 0% used [0x00000000f1400000,0x00000000f1400000,0x00000000f7780000)
 ParOldGen       total 334848K, used 234004K [0x00000000a0000000, 0x00000000b4700000, 0x00000000e0000000)
  object space 334848K, 69% used [0x00000000a0000000,0x00000000ae485190,0x00000000b4700000)
 Metaspace       used 122185K, capacity 129368K, committed 129880K, reserved 1161216K
  class space    used 16047K, capacity 17672K, committed 17792K, reserved 1048576K
}
Event: 6455.591 GC heap before
{Heap before GC invocations=107 (full 10):
 PSYoungGen      total 191488K, used 10343K [0x00000000e0000000, 0x00000000f7780000, 0x0000000100000000)
  eden space 180736K, 0% used [0x00000000e0000000,0x00000000e0000000,0x00000000eb080000)
  from space 10752K, 96% used [0x00000000eb080000,0x00000000eba99fe0,0x00000000ebb00000)
  to   space 101888K, 0% used [0x00000000f1400000,0x00000000f1400000,0x00000000f7780000)
 ParOldGen       total 334848K, used 234004K [0x00000000a0000000, 0x00000000b4700000, 0x00000000e0000000)
  object space 334848K, 69% used [0x00000000a0000000,0x00000000ae485190,0x00000000b4700000)
 Metaspace       used 122185K, capacity 129368K, committed 129880K, reserved 1161216K
  class space    used 16047K, capacity 17672K, committed 17792K, reserved 1048576K
Event: 6541.347 GC heap after
Heap after GC invocations=107 (full 10):
 PSYoungGen      total 191488K, used 0K [0x00000000e0000000, 0x00000000f7780000, 0x0000000100000000)
  eden space 180736K, 0% used [0x00000000e0000000,0x00000000e0000000,0x00000000eb080000)
  from space 10752K, 0% used [0x00000000eb080000,0x00000000eb080000,0x00000000ebb00000)
  to   space 101888K, 0% used [0x00000000f1400000,0x00000000f1400000,0x00000000f7780000)
 ParOldGen       total 334848K, used 62313K [0x00000000a0000000, 0x00000000b4700000, 0x00000000e0000000)
  object space 334848K, 18% used [0x00000000a0000000,0x00000000a3cda7d8,0x00000000b4700000)
 Metaspace       used 120909K, capacity 127254K, committed 129880K, reserved 1161216K
  class space    used 15780K, capacity 17181K, committed 17792K, reserved 1048576K
}
Event: 11966.092 GC heap before
{Heap before GC invocations=108 (full 10):
 PSYoungGen      total 191488K, used 180736K [0x00000000e0000000, 0x00000000f7780000, 0x0000000100000000)
  eden space 180736K, 100% used [0x00000000e0000000,0x00000000eb080000,0x00000000eb080000)
  from space 10752K, 0% used [0x00000000eb080000,0x00000000eb080000,0x00000000ebb00000)
  to   space 101888K, 0% used [0x00000000f1400000,0x00000000f1400000,0x00000000f7780000)
 ParOldGen       total 334848K, used 62313K [0x00000000a0000000, 0x00000000b4700000, 0x00000000e0000000)
  object space 334848K, 18% used [0x00000000a0000000,0x00000000a3cda7d8,0x00000000b4700000)
 Metaspace       used 121168K, capacity 127636K, committed 129880K, reserved 1161216K
  class space    used 15842K, capacity 17296K, committed 17792K, reserved 1048576K
Event: 11979.680 GC heap after
Heap after GC invocations=108 (full 10):
 PSYoungGen      total 284672K, used 9685K [0x00000000e0000000, 0x00000000f7800000, 0x0000000100000000)
  eden space 182784K, 0% used [0x00000000e0000000,0x00000000e0000000,0x00000000eb280000)
  from space 101888K, 9% used [0x00000000f1400000,0x00000000f1d756c0,0x00000000f7780000)
  to   space 99840K, 0% used [0x00000000eb280000,0x00000000eb280000,0x00000000f1400000)
 ParOldGen       total 334848K, used 62321K [0x00000000a0000000, 0x00000000b4700000, 0x00000000e0000000)
  object space 334848K, 18% used [0x00000000a0000000,0x00000000a3cdc7d8,0x00000000b4700000)
 Metaspace       used 121168K, capacity 127636K, committed 129880K, reserved 1161216K
  class space    used 15842K, capacity 17296K, committed 17792K, reserved 1048576K
}
Event: 12000.272 GC heap before
{Heap before GC invocations=109 (full 10):
 PSYoungGen      total 284672K, used 192469K [0x00000000e0000000, 0x00000000f7800000, 0x0000000100000000)
  eden space 182784K, 100% used [0x00000000e0000000,0x00000000eb280000,0x00000000eb280000)
  from space 101888K, 9% used [0x00000000f1400000,0x00000000f1d756c0,0x00000000f7780000)
  to   space 99840K, 0% used [0x00000000eb280000,0x00000000eb280000,0x00000000f1400000)
 ParOldGen       total 334848K, used 62321K [0x00000000a0000000, 0x00000000b4700000, 0x00000000e0000000)
  object space 334848K, 18% used [0x00000000a0000000,0x00000000a3cdc7d8,0x00000000b4700000)
 Metaspace       used 121632K, capacity 128480K, committed 129880K, reserved 1161216K
  class space    used 15928K, capacity 17483K, committed 17792K, reserved 1048576K
Event: 12006.988 GC heap after
Heap after GC invocations=109 (full 10):
 PSYoungGen      total 282624K, used 31653K [0x00000000e0000000, 0x00000000f7a80000, 0x0000000100000000)
  eden space 182784K, 0% used [0x00000000e0000000,0x00000000e0000000,0x00000000eb280000)
  from space 99840K, 31% used [0x00000000eb280000,0x00000000ed1696d0,0x00000000f1400000)
  to   space 93696K, 0% used [0x00000000f1f00000,0x00000000f1f00000,0x00000000f7a80000)
 ParOldGen       total 334848K, used 62329K [0x00000000a0000000, 0x00000000b4700000, 0x00000000e0000000)
  object space 334848K, 18% used [0x00000000a0000000,0x00000000a3cde7d8,0x00000000b4700000)
 Metaspace       used 121632K, capacity 128480K, committed 129880K, reserved 1161216K
  class space    used 15928K, capacity 17483K, committed 17792K, reserved 1048576K
}

Deoptimization events (10 events):
Event: 12030.241 Thread 0x0000000061f24800 Uncommon trap: reason=class_check action=maybe_recompile pc=0x00000000066e7c9c method=java.util.Collections$UnmodifiableMap$UnmodifiableEntrySet$UnmodifiableEntry.<init>(Ljava/util/Map$Entry;)V @ 9
Event: 12030.241 Thread 0x0000000061f24800 Uncommon trap: reason=class_check action=maybe_recompile pc=0x00000000066e7c9c method=java.util.Collections$UnmodifiableMap$UnmodifiableEntrySet$UnmodifiableEntry.<init>(Ljava/util/Map$Entry;)V @ 9
Event: 12091.136 Thread 0x0000000059509000 Uncommon trap: reason=class_check action=maybe_recompile pc=0x0000000005243bac method=org.gradle.internal.logging.sink.OutputEventTransformer.onOutput(Lorg/gradle/internal/logging/events/OutputEvent;)V @ 371
Event: 12091.200 Thread 0x0000000059509000 Uncommon trap: reason=class_check action=maybe_recompile pc=0x0000000005243bac method=org.gradle.internal.logging.sink.OutputEventTransformer.onOutput(Lorg/gradle/internal/logging/events/OutputEvent;)V @ 371
Event: 12091.203 Thread 0x0000000059509000 Uncommon trap: reason=unstable_if action=reinterpret pc=0x0000000003a42af8 method=org.gradle.internal.logging.text.AbstractLineChoppingStyledTextOutput$2.execute(Lorg/gradle/internal/logging/text/AbstractLineChoppingStyledTextOutput$StateContext;)V @ 30
Event: 12091.337 Thread 0x0000000059509000 Uncommon trap: reason=bimorphic action=maybe_recompile pc=0x0000000003381020 method=java.io.FilterOutputStream.flush()V @ 4
Event: 12091.340 Thread 0x0000000059509000 Uncommon trap: reason=unstable_if action=reinterpret pc=0x0000000002cc2374 method=org.gradle.internal.logging.text.AbstractLineChoppingStyledTextOutput$2.execute(Lorg/gradle/internal/logging/text/AbstractLineChoppingStyledTextOutput$StateContext;)V @ 30
Event: 12091.340 Thread 0x0000000059509000 Uncommon trap: reason=bimorphic action=maybe_recompile pc=0x0000000003381020 method=java.io.FilterOutputStream.flush()V @ 4
Event: 12110.611 Thread 0x0000000059509000 Uncommon trap: reason=bimorphic action=maybe_recompile pc=0x0000000003381020 method=java.io.FilterOutputStream.flush()V @ 4
Event: 12110.616 Thread 0x0000000059509000 Uncommon trap: reason=bimorphic action=maybe_recompile pc=0x0000000003381020 method=java.io.FilterOutputStream.flush()V @ 4

Classes redefined (0 events):
No events

Internal exceptions (10 events):
Event: 3019.348 Thread 0x0000000061f24800 Exception <a 'sun/nio/fs/WindowsException'> (0x00000000e0290f20) thrown at [D:\src\AOSP-openjdk-cygwin\jdk8u\hotspot\src\share\vm\prims\jni.cpp, line 710]
Event: 3019.350 Thread 0x0000000061f24800 Exception <a 'sun/nio/fs/WindowsException'> (0x00000000e0292980) thrown at [D:\src\AOSP-openjdk-cygwin\jdk8u\hotspot\src\share\vm\prims\jni.cpp, line 710]
Event: 3019.351 Thread 0x0000000061f24800 Exception <a 'sun/nio/fs/WindowsException'> (0x00000000e02943f0) thrown at [D:\src\AOSP-openjdk-cygwin\jdk8u\hotspot\src\share\vm\prims\jni.cpp, line 710]
Event: 3019.353 Thread 0x0000000061f24800 Exception <a 'sun/nio/fs/WindowsException'> (0x00000000e0295e58) thrown at [D:\src\AOSP-openjdk-cygwin\jdk8u\hotspot\src\share\vm\prims\jni.cpp, line 710]
Event: 3019.353 Thread 0x0000000061f24800 Exception <a 'sun/nio/fs/WindowsException'> (0x00000000e0297928) thrown at [D:\src\AOSP-openjdk-cygwin\jdk8u\hotspot\src\share\vm\prims\jni.cpp, line 710]
Event: 4751.914 Thread 0x0000000061f26800 Implicit null exception at 0x0000000006478efb to 0x0000000006479fb9
Event: 11940.340 Thread 0x0000000061f24800 Exception <a 'sun/nio/fs/WindowsException'> (0x00000000e7245140) thrown at [D:\src\AOSP-openjdk-cygwin\jdk8u\hotspot\src\share\vm\prims\jni.cpp, line 710]
Event: 11947.763 Thread 0x0000000061f24800 Exception <a 'java/lang/ClassNotFoundException': groovy/runtime/metaclass/[Ljava/lang/String;MetaClass> (0x00000000e88a1a50) thrown at [D:\src\AOSP-openjdk-cygwin\jdk8u\hotspot\src\share\vm\prims\jni.cpp, line 736]
Event: 11959.730 Thread 0x0000000061f24800 Exception <a 'java/lang/ClassNotFoundException': groovy/runtime/metaclass/[Lcom/google/gms/googleservices/GoogleServicesPlugin$PluginType;MetaClass> (0x00000000ea647480) thrown at [D:\src\AOSP-openjdk-cygwin\jdk8u\hotspot\src\share\vm\prims\jni.cpp, line 
Event: 11962.712 Thread 0x0000000061f24800 Implicit null exception at 0x000000000499e39c to 0x00000000049a4e3d

Events (10 events):
Event: 12091.340 Thread 0x0000000059509000 DEOPT UNPACKING pc=0x000000000290557b sp=0x0000000069b2e2d8 mode 2
Event: 12091.340 Thread 0x0000000059509000 Uncommon trap: trap_request=0xffffffc6 fr.pc=0x0000000003381020
Event: 12091.340 Thread 0x0000000059509000 DEOPT PACKING pc=0x0000000003381020 sp=0x0000000069b2ec70
Event: 12091.340 Thread 0x0000000059509000 DEOPT UNPACKING pc=0x000000000290557b sp=0x0000000069b2ec38 mode 2
Event: 12110.611 Thread 0x0000000059509000 Uncommon trap: trap_request=0xffffffc6 fr.pc=0x0000000003381020
Event: 12110.611 Thread 0x0000000059509000 DEOPT PACKING pc=0x0000000003381020 sp=0x0000000069b2ec70
Event: 12110.612 Thread 0x0000000059509000 DEOPT UNPACKING pc=0x000000000290557b sp=0x0000000069b2ec38 mode 2
Event: 12110.616 Thread 0x0000000059509000 Uncommon trap: trap_request=0xffffffc6 fr.pc=0x0000000003381020
Event: 12110.616 Thread 0x0000000059509000 DEOPT PACKING pc=0x0000000003381020 sp=0x0000000069b2ec70
Event: 12110.616 Thread 0x0000000059509000 DEOPT UNPACKING pc=0x000000000290557b sp=0x0000000069b2ec38 mode 2


Dynamic libraries:
0x000000013ff70000 - 0x000000013ffa1000 	C:\Program Files\Android\Android Studio1\jre\bin\java.exe
0x00000000777e0000 - 0x000000007797f000 	C:\Windows\SYSTEM32\ntdll.dll
0x00000000775c0000 - 0x00000000776df000 	C:\Windows\system32\kernel32.dll
0x000007fefd3c0000 - 0x000007fefd427000 	C:\Windows\system32\KERNELBASE.dll
0x000007fefdab0000 - 0x000007fefdb8b000 	C:\Windows\system32\ADVAPI32.dll
0x000007fefdb90000 - 0x000007fefdc2f000 	C:\Windows\system32\msvcrt.dll
0x000007fefd6f0000 - 0x000007fefd70f000 	C:\Windows\SYSTEM32\sechost.dll
0x000007fefe590000 - 0x000007fefe6bc000 	C:\Windows\system32\RPCRT4.dll
0x00000000776e0000 - 0x00000000777db000 	C:\Windows\system32\USER32.dll
0x000007fefe290000 - 0x000007fefe2f7000 	C:\Windows\system32\GDI32.dll
0x000007fefe6c0000 - 0x000007fefe6ce000 	C:\Windows\system32\LPK.dll
0x000007feff9a0000 - 0x000007feffa6b000 	C:\Windows\system32\USP10.dll
0x000007fefba70000 - 0x000007fefbc65000 	C:\Windows\WinSxS\amd64_microsoft.windows.common-controls_6595b64144ccf1df_6.0.7601.24483_none_e372d88f30fbb845\COMCTL32.dll
0x000007feff880000 - 0x000007feff8f1000 	C:\Windows\system32\SHLWAPI.dll
0x000007fefe4e0000 - 0x000007fefe50e000 	C:\Windows\system32\IMM32.DLL
0x000007fefdcd0000 - 0x000007fefdddb000 	C:\Windows\system32\MSCTF.dll
0x0000000073dd0000 - 0x0000000073ea2000 	C:\Program Files\Android\Android Studio1\jre\jre\bin\msvcr100.dll
0x000000006fd10000 - 0x0000000070556000 	C:\Program Files\Android\Android Studio1\jre\jre\bin\server\jvm.dll
0x000007fef8630000 - 0x000007fef8639000 	C:\Windows\system32\WSOCK32.dll
0x000007fefe9c0000 - 0x000007fefea0d000 	C:\Windows\system32\WS2_32.dll
0x000007fefd8a0000 - 0x000007fefd8a8000 	C:\Windows\system32\NSI.dll
0x000007fefa140000 - 0x000007fefa17b000 	C:\Windows\system32\WINMM.dll
0x000007fefc390000 - 0x000007fefc39c000 	C:\Windows\system32\VERSION.dll
0x0000000077990000 - 0x0000000077997000 	C:\Windows\system32\PSAPI.DLL
0x000007fefab80000 - 0x000007fefab8f000 	C:\Program Files\Android\Android Studio1\jre\jre\bin\verify.dll
0x000007fee7ea0000 - 0x000007fee7ec9000 	C:\Program Files\Android\Android Studio1\jre\jre\bin\java.dll
0x000007fee7e40000 - 0x000007fee7e56000 	C:\Program Files\Android\Android Studio1\jre\jre\bin\zip.dll
0x000007fefeaf0000 - 0x000007feff87b000 	C:\Windows\system32\SHELL32.dll
0x000007fefd8b0000 - 0x000007fefdaaf000 	C:\Windows\system32\ole32.dll
0x000007fefd330000 - 0x000007fefd33f000 	C:\Windows\system32\profapi.dll
0x000007fee7e20000 - 0x000007fee7e3a000 	C:\Program Files\Android\Android Studio1\jre\jre\bin\net.dll
0x000007fefca70000 - 0x000007fefcac5000 	C:\Windows\system32\mswsock.dll
0x000007fefca60000 - 0x000007fefca67000 	C:\Windows\System32\wship6.dll
0x000007fee7e00000 - 0x000007fee7e11000 	C:\Program Files\Android\Android Studio1\jre\jre\bin\nio.dll
0x000007fee7dd0000 - 0x000007fee7df6000 	C:\Users\Ganesh\.gradle\native\30\windows-amd64\native-platform.dll
0x000007fefac80000 - 0x000007fefac83000 	C:\Windows\system32\api-ms-win-core-synch-l1-2-0.DLL
0x000007feea610000 - 0x000007feea61d000 	C:\Program Files\Android\Android Studio1\jre\jre\bin\management.dll
0x000007fefcad0000 - 0x000007fefcae8000 	C:\Windows\system32\CRYPTSP.dll
0x000007fefc7d0000 - 0x000007fefc817000 	C:\Windows\system32\rsaenh.dll
0x000007fefd6d0000 - 0x000007fefd6ef000 	C:\Windows\system32\USERENV.dll
0x000007fefd1d0000 - 0x000007fefd1df000 	C:\Windows\system32\CRYPTBASE.dll
0x000007fefac50000 - 0x000007fefac77000 	C:\Windows\system32\IPHLPAPI.DLL
0x000007fefac40000 - 0x000007fefac4b000 	C:\Windows\system32\WINNSI.DLL
0x000007fefa820000 - 0x000007fefa838000 	C:\Windows\system32\dhcpcsvc.DLL
0x000007fefa800000 - 0x000007fefa811000 	C:\Windows\system32\dhcpcsvc6.DLL
0x000007fefd170000 - 0x000007fefd1c7000 	C:\Windows\system32\apphelp.dll
0x000007fef4c50000 - 0x000007fef4c6e000 	C:\Users\Ganesh\AppData\Local\Temp\native-platform3178328411761373148dir\native-platform.dll
0x000007fee8030000 - 0x000007fee8054000 	C:\Program Files\Android\Android Studio1\jre\jre\bin\sunec.dll
0x000007fefc460000 - 0x000007fefc467000 	C:\Windows\System32\wshtcpip.dll
0x000007fefc8f0000 - 0x000007fefc94b000 	C:\Windows\system32\DNSAPI.dll
0x000007fef8f40000 - 0x000007fef8f48000 	C:\Windows\system32\rasadhlp.dll
0x000007fefa8c0000 - 0x000007fefa913000 	C:\Windows\System32\fwpuclnt.dll
0x000007fef8680000 - 0x000007fef868b000 	C:\Program Files\Android\Android Studio1\jre\jre\bin\sunmscapi.dll
0x000007fefd430000 - 0x000007fefd59d000 	C:\Windows\system32\CRYPT32.dll
0x000007fefd340000 - 0x000007fefd34f000 	C:\Windows\system32\MSASN1.dll

VM Arguments:
jvm_args: -Xmx1536M -Dfile.encoding=windows-1252 -Duser.country=US -Duser.language=en -Duser.variant 
java_command: org.gradle.launcher.daemon.bootstrap.GradleDaemon 5.6.2
java_class_path (initial): C:\Users\Ganesh\.gradle\wrapper\dists\gradle-5.6.2-all\9st6wgf78h16so49nn74lgtbb\gradle-5.6.2\lib\gradle-launcher-5.6.2.jar
Launcher Type: SUN_STANDARD

Environment Variables:
JAVA_HOME=C:\Program Files\Android\Android Studio1\jre
CLASSPATH=E:\Projects\flutter\nss_mcet\NSS_MCET\android\\gradle\wrapper\gradle-wrapper.jar
PATH=C:\Windows\system32;C:\Windows;C:\Windows\System32\Wbem;C:\Windows\System32\WindowsPowerShell\v1.0\;F:\.\common;F:\.\ClearQuest;F:\.\Rose\TopLink\;C:\Program Files\nodejs\;C:\Program Files\Git\cmd;C:\Windows\System32\WindowsPowerShell\v1.0\;C:\Windows\System32\WindowsPowerShell\v1.0\;E:\Program Files\Dart\dart-sdk\bin;C:\Users\Ganesh\flutter\bin;C:\Users\Ganesh\flutter\Dart\bin\dart-sdk\bin;C:\Users\Ganesh\AppData\Local\Android\Sdk\tools;C:\Users\Ganesh\AppData\Local\Android\Sdk\platform-tools;C:\Program Files\nodejs;C:\Users\Ganesh\AppData\Local\Programs\Microsoft VS Code\bin;D:\Program files\Nox\bin;C:\npm;C:\Program Files\Android\Android Studio1\jre\bin\keytool;C:\Program Files\Android\Android Studio1\jre\jre\bin;C:\Program Files\Java\jdk;C:\Users\Ganesh\AppData\Local\GitHubDesktop\bin
USERNAME=Ganesh
OS=Windows_NT
PROCESSOR_IDENTIFIER=Intel64 Family 6 Model 76 Stepping 4, GenuineIntel



---------------  S Y S T E M  ---------------

OS: Windows 7 , 64 bit Build 7601 (6.1.7601.24545)

CPU:total 4 (initial active 4) (4 cores per cpu, 1 threads per core) family 6 model 76 stepping 4, cmov, cx8, fxsr, mmx, sse, sse2, sse3, ssse3, sse4.1, sse4.2, popcnt, aes, clmul, erms, 3dnowpref, tsc, tscinvbit

Memory: 4k page, physical 4032828k(630392k free), swap 12419536k(529884k free)

vm_info: OpenJDK 64-Bit Server VM (25.202-b03) for windows-amd64 JRE (1.8.0_202-release-1483-b03), built by "builder" with MS VC++ 10.0 (VS2010)

time: Sun Jun 14 20:10:25 2020
timezone: India Standard Time
elapsed time: 12111 seconds (0d 3h 21m 51s)

